<?xml version="1.0" encoding="UTF-8"?>
<!-- Generated by org.testng.reporters.JUnitReportReporter -->
<testsuite skipped="0" hostname="DESKTOP-TRI96P4" name="ClassTwo" tests="2" failures="0" timestamp="25 Feb 2021 18:57:21 GMT" time="0.000" errors="0">
  <testcase name="methodC" time="0.000" classname="ClassTwo"/>
  <testcase name="methodB" time="0.000" classname="ClassTwo"/>
</testsuite> <!-- ClassTwo -->
