<?xml version="1.0" encoding="UTF-8"?>
<!-- Generated by org.testng.reporters.JUnitReportReporter -->
<testsuite skipped="0" hostname="DESKTOP-TRI96P4" name="ClassOne" tests="1" failures="0" timestamp="25 Feb 2021 18:57:21 GMT" time="0.016" errors="0">
  <testcase name="methodA" time="0.016" classname="ClassOne"/>
</testsuite> <!-- ClassOne -->
